TpTrace Information: 0 : 11092, 1, 2023/05/22, 09:52:46.206, 2971422720327, testhost.dll, DefaultEngineInvoker.Invoke: Testhost process started with args :[--port, 54878],[--endpoint, 127.0.0.1:054878],[--role, client],[--parentprocessid, 14044],[--diag, C:\JuanCarlos\USIL\UnitTesting.Test\bin\Debug\netcoreapp3.1\fine-code-coverage\coverage-tool-output\diagnostics.host.23-05-22_09-52-46_04376_7.log],[--tracelevel, 4],[--datacollectionport, 54877],[--telemetryoptedin, false]
TpTrace Information: 0 : 11092, 1, 2023/05/22, 09:52:46.209, 2971422747364, testhost.dll, DefaultEngineInvoker.SetParentProcessExitCallback: Monitoring parent process with id: '14044'
TpTrace Information: 0 : 11092, 1, 2023/05/22, 09:52:46.215, 2971422807620, testhost.dll, DefaultEngineInvoker.GetConnectionInfo: Initialize communication on endpoint address: '127.0.0.1:054878'
TpTrace Information: 0 : 11092, 1, 2023/05/22, 09:52:46.228, 2971422936132, testhost.dll, SocketClient.Start: connecting to server endpoint: 127.0.0.1:054878
TpTrace Information: 0 : 11092, 1, 2023/05/22, 09:52:46.232, 2971422979336, testhost.dll, DefaultEngineInvoker.ConnectToDatacollector: Connecting to datacollector, port: 54877
TpTrace Information: 0 : 11092, 8, 2023/05/22, 09:52:46.234, 2971423000654, testhost.dll, SocketClient.OnServerConnected: connected to server endpoint: 127.0.0.1:054878
TpTrace Information: 0 : 11092, 1, 2023/05/22, 09:52:46.235, 2971423011892, testhost.dll, Trying to connect to server on socket : 127.0.0.1:54877 
TpTrace Verbose: 0 : 11092, 1, 2023/05/22, 09:52:46.236, 2971423015465, testhost.dll, SocketCommunicationManager : SetupClientAsync : Attempting to connect to the server.
TpTrace Verbose: 0 : 11092, 8, 2023/05/22, 09:52:46.236, 2971423015468, testhost.dll, Connected to server, and starting MessageLoopAsync
TpTrace Information: 0 : 11092, 10, 2023/05/22, 09:52:46.237, 2971423029811, testhost.dll, Connected to the server successfully 
TpTrace Information: 0 : 11092, 10, 2023/05/22, 09:52:46.237, 2971423030322, testhost.dll, Using the buffer size of 16384 bytes
TpTrace Information: 0 : 11092, 1, 2023/05/22, 09:52:46.238, 2971423034047, testhost.dll, DefaultEngineInvoker.Invoke: Start Request Processing.
TpTrace Information: 0 : 11092, 11, 2023/05/22, 09:52:46.238, 2971423040216, testhost.dll, DefaultEngineInvoker.StartProcessingAsync: Connected to vstest.console, Starting process requests.
TpTrace Verbose: 0 : 11092, 9, 2023/05/22, 09:52:46.238, 2971423040929, testhost.dll, TcpClientExtensions.MessageLoopAsync: Polling on remoteEndPoint: [::ffff:127.0.0.1]:54878 localEndPoint: [::ffff:127.0.0.1]:54879
TpTrace Verbose: 0 : 11092, 9, 2023/05/22, 09:52:46.239, 2971423043624, testhost.dll, TcpClientExtensions.MessageLoopAsync: NotifyDataAvailable remoteEndPoint: [::ffff:127.0.0.1]:54878 localEndPoint: [::ffff:127.0.0.1]:54879
TpTrace Information: 0 : 11092, 9, 2023/05/22, 09:52:46.348, 2971424138076, testhost.dll, TestRequestHandler.ProcessRequests: received message: (ProtocolVersion) -> 7
TpTrace Verbose: 0 : 11092, 9, 2023/05/22, 09:52:46.373, 2971424391831, testhost.dll, TestRequestHandler.SendData:  sending data from testhost: {"Version":2,"MessageType":"TestSession.Message","Payload":{"MessageLevel":0,"Message":"Registrando diagnóstico de TestHost en el archivo: C:\\JuanCarlos\\USIL\\UnitTesting.Test\\bin\\Debug\\netcoreapp3.1\\fine-code-coverage\\coverage-tool-output\\diagnostics.host.23-05-22_09-52-46_04376_7.log"}}
TpTrace Verbose: 0 : 11092, 9, 2023/05/22, 09:52:46.374, 2971424394742, testhost.dll, TcpClientExtensions.MessageLoopAsync: Polling on remoteEndPoint: [::ffff:127.0.0.1]:54878 localEndPoint: [::ffff:127.0.0.1]:54879
TpTrace Verbose: 0 : 11092, 9, 2023/05/22, 09:52:46.374, 2971424395342, testhost.dll, TcpClientExtensions.MessageLoopAsync: NotifyDataAvailable remoteEndPoint: [::ffff:127.0.0.1]:54878 localEndPoint: [::ffff:127.0.0.1]:54879
TpTrace Information: 0 : 11092, 9, 2023/05/22, 09:52:46.377, 2971424428982, testhost.dll, TestRequestHandler.ProcessRequests: received message: (TestExecution.Initialize) -> [
  "C:\\JuanCarlos\\USIL\\UnitTesting.Test\\bin\\Debug\\netcoreapp3.1\\fine-code-coverage\\build-output\\xunit.runner.visualstudio.dotnetcore.testadapter.dll"
]
TpTrace Information: 0 : 11092, 9, 2023/05/22, 09:52:46.377, 2971424430511, testhost.dll, Execution Session Initialize.
TpTrace Verbose: 0 : 11092, 9, 2023/05/22, 09:52:46.383, 2971424490490, testhost.dll, TcpClientExtensions.MessageLoopAsync: Polling on remoteEndPoint: [::ffff:127.0.0.1]:54878 localEndPoint: [::ffff:127.0.0.1]:54879
TpTrace Verbose: 0 : 11092, 9, 2023/05/22, 09:52:46.383, 2971424491414, testhost.dll, TcpClientExtensions.MessageLoopAsync: NotifyDataAvailable remoteEndPoint: [::ffff:127.0.0.1]:54878 localEndPoint: [::ffff:127.0.0.1]:54879
TpTrace Verbose: 0 : 11092, 4, 2023/05/22, 09:52:46.385, 2971424510084, testhost.dll, TestExecutorService: Loading the extensions
TpTrace Information: 0 : 11092, 9, 2023/05/22, 09:52:46.386, 2971424514077, testhost.dll, TestRequestHandler.ProcessRequests: received message: (TestExecution.StartWithSources) -> {
  "AdapterSourceMap": {
    "_none_": [
      "C:\\JuanCarlos\\USIL\\UnitTesting.Test\\bin\\Debug\\netcoreapp3.1\\fine-code-coverage\\build-output\\UnitTesting.Test.dll"
    ]
  },
  "RunSettings": "<RunSettings>\r\n  <RunConfiguration>\r\n    <ResultsDirectory>C:\\JuanCarlos\\USIL\\UnitTesting.Test\\bin\\Debug\\netcoreapp3.1\\fine-code-coverage\\coverage-tool-output</ResultsDirectory>\r\n    <TargetFrameworkVersion>.NETCoreApp,Version=v3.1</TargetFrameworkVersion>\r\n    <DesignMode>False</DesignMode>\r\n    <CollectSourceInformation>False</CollectSourceInformation>\r\n  </RunConfiguration>\r\n  <LoggerRunSettings>\r\n    <Loggers>\r\n      <Logger friendlyName=\"blame\" enabled=\"True\" />\r\n      <Logger friendlyName=\"Console\" uri=\"logger://microsoft/TestPlatform/ConsoleLogger/v1\" assemblyQualifiedName=\"Microsoft.VisualStudio.TestPlatform.CommandLine.Internal.ConsoleLogger, vstest.console, Version=15.0.0.0, Culture=neutral, PublicKeyToken=b03f5f7f11d50a3a\" codeBase=\"C:\\Program Files\\dotnet\\sdk\\6.0.405\\vstest.console.dll\" enabled=\"True\" />\r\n    </Loggers>\r\n  </LoggerRunSettings>\r\n  <DataCollectionRunSettings>\r\n    <DataCollectors>\r\n      <DataCollector friendlyName=\"blame\" enabled=\"True\">\r\n        <Configuration>\r\n          <ResultsDirectory>C:\\JuanCarlos\\USIL\\UnitTesting.Test\\bin\\Debug\\netcoreapp3.1\\fine-code-coverage\\coverage-tool-output</ResultsDirectory>\r\n        </Configuration>\r\n      </DataCollector>\r\n    </DataCollectors>\r\n  </DataCollectionRunSettings>\r\n</RunSettings>",
  "TestExecutionContext": {
    "FrequencyOfRunStatsChangeEvent": 10,
    "RunStatsChangeEventTimeout": "00:00:01.5000000",
    "InIsolation": false,
    "KeepAlive": false,
    "AreTestCaseLevelEventsRequired": false,
    "IsDebug": false,
    "TestCaseFilter": null,
    "FilterOptions": null
  },
  "Package": null
}
TpTrace Information: 0 : 11092, 9, 2023/05/22, 09:52:46.386, 2971424514910, testhost.dll, Execution started.
TpTrace Verbose: 0 : 11092, 4, 2023/05/22, 09:52:46.387, 2971424523761, testhost.dll, TestPluginCache.DiscoverTestExtensions: finding test extensions in assemblies endswith: TestAdapter.dll TPluginInfo: Microsoft.VisualStudio.TestPlatform.Common.ExtensionFramework.Utilities.TestExecutorPluginInformation TExtension: Microsoft.VisualStudio.TestPlatform.ObjectModel.Adapter.ITestExecutor
TpTrace Verbose: 0 : 11092, 4, 2023/05/22, 09:52:46.387, 2971424531967, testhost.dll, TestPluginCache.GetExtensionPaths: Filtered extension paths: 
TpTrace Verbose: 0 : 11092, 4, 2023/05/22, 09:52:46.388, 2971424534986, testhost.dll, TestPluginCache.GetExtensionPaths: Added default extension paths: C:\JuanCarlos\USIL\UnitTesting.Test\bin\Debug\netcoreapp3.1\fine-code-coverage\build-output\xunit.runner.visualstudio.dotnetcore.testadapter.dll
TpTrace Verbose: 0 : 11092, 4, 2023/05/22, 09:52:46.388, 2971424535428, testhost.dll, TestPluginCache.GetExtensionPaths: Added unfilterableExtensionPaths: 
TpTrace Information: 0 : 11092, 4, 2023/05/22, 09:52:46.390, 2971424555748, testhost.dll, AssemblyResolver.ctor: Creating AssemblyResolver with searchDirectories C:\JuanCarlos\USIL\UnitTesting.Test\bin\Debug\netcoreapp3.1\fine-code-coverage\build-output
TpTrace Verbose: 0 : 11092, 4, 2023/05/22, 09:52:46.391, 2971424568265, testhost.dll, TestPluginCache.DiscoverTestExtensions: Discovering the extensions using extension path.
TpTrace Verbose: 0 : 11092, 4, 2023/05/22, 09:52:46.391, 2971424569222, testhost.dll, TestPluginCache.GetExtensionPaths: Filtered extension paths: 
TpTrace Verbose: 0 : 11092, 4, 2023/05/22, 09:52:46.391, 2971424569616, testhost.dll, TestPluginCache.GetExtensionPaths: Added default extension paths: C:\JuanCarlos\USIL\UnitTesting.Test\bin\Debug\netcoreapp3.1\fine-code-coverage\build-output\xunit.runner.visualstudio.dotnetcore.testadapter.dll
TpTrace Verbose: 0 : 11092, 4, 2023/05/22, 09:52:46.391, 2971424569897, testhost.dll, TestPluginCache.GetExtensionPaths: Added unfilterableExtensionPaths: 
TpTrace Verbose: 0 : 11092, 4, 2023/05/22, 09:52:46.391, 2971424570397, testhost.dll, TestPluginCache.DiscoverTestExtensions: Discovering the extensions using allExtensionPaths: C:\JuanCarlos\USIL\UnitTesting.Test\bin\Debug\netcoreapp3.1\fine-code-coverage\build-output\xunit.runner.visualstudio.dotnetcore.testadapter.dll
TpTrace Information: 0 : 11092, 4, 2023/05/22, 09:52:46.392, 2971424577979, testhost.dll, AssemblyResolver.AddSearchDirectories: Adding more searchDirectories C:\JuanCarlos\USIL\UnitTesting.Test\bin\Debug\netcoreapp3.1\fine-code-coverage\build-output
TpTrace Information: 0 : 11092, 4, 2023/05/22, 09:52:46.396, 2971424614461, testhost.dll, AssemblyResolver.OnResolve: xunit.runner.visualstudio.dotnetcore.testadapter: Resolving assembly.
TpTrace Information: 0 : 11092, 4, 2023/05/22, 09:52:46.397, 2971424628371, testhost.dll, AssemblyResolver.OnResolve: Resolved assembly: xunit.runner.visualstudio.dotnetcore.testadapter, from path: C:\JuanCarlos\USIL\UnitTesting.Test\bin\Debug\netcoreapp3.1\fine-code-coverage\build-output\xunit.runner.visualstudio.dotnetcore.testadapter.dll
TpTrace Information: 0 : 11092, 4, 2023/05/22, 09:52:46.399, 2971424651774, testhost.dll, AssemblyResolver.OnResolve: xunit.runner.utility.netcoreapp10: Resolving assembly.
TpTrace Information: 0 : 11092, 4, 2023/05/22, 09:52:46.400, 2971424658082, testhost.dll, AssemblyResolver.OnResolve: Resolved assembly: xunit.runner.utility.netcoreapp10, from path: C:\JuanCarlos\USIL\UnitTesting.Test\bin\Debug\netcoreapp3.1\fine-code-coverage\build-output\xunit.runner.utility.netcoreapp10.dll
TpTrace Verbose: 0 : 11092, 4, 2023/05/22, 09:52:46.404, 2971424700685, testhost.dll, TestPluginCache: Discovered the extensions using extension path ''.
TpTrace Verbose: 0 : 11092, 4, 2023/05/22, 09:52:46.405, 2971424704050, testhost.dll, TestPluginCache: Discoverers are ''.
TpTrace Verbose: 0 : 11092, 4, 2023/05/22, 09:52:46.405, 2971424704822, testhost.dll, TestPluginCache: Executors are 'executor://xunit/VsTestRunner2/netcoreapp'.
TpTrace Verbose: 0 : 11092, 4, 2023/05/22, 09:52:46.405, 2971424705409, testhost.dll, TestPluginCache: Setting providers are ''.
TpTrace Verbose: 0 : 11092, 4, 2023/05/22, 09:52:46.405, 2971424706034, testhost.dll, TestPluginCache: Loggers are ''.
TpTrace Verbose: 0 : 11092, 9, 2023/05/22, 09:52:46.407, 2971424726563, testhost.dll, TcpClientExtensions.MessageLoopAsync: Polling on remoteEndPoint: [::ffff:127.0.0.1]:54878 localEndPoint: [::ffff:127.0.0.1]:54879
TpTrace Information: 0 : 11092, 4, 2023/05/22, 09:52:46.410, 2971424755460, testhost.dll, TestPluginManager.CreateTestExtension: Attempting to load test extension: Xunit.Runner.VisualStudio.VsTestRunner
TpTrace Verbose: 0 : 11092, 4, 2023/05/22, 09:52:46.410, 2971424756834, testhost.dll, TestExecutorExtensionManager: Loading executor Xunit.Runner.VisualStudio.VsTestRunner
TpTrace Verbose: 0 : 11092, 4, 2023/05/22, 09:52:46.410, 2971424757202, testhost.dll, TestExecutorService: Loaded the executors
TpTrace Verbose: 0 : 11092, 4, 2023/05/22, 09:52:46.411, 2971424764328, testhost.dll, TestPluginCache.DiscoverTestExtensions: finding test extensions in assemblies endswith: TestAdapter.dll TPluginInfo: Microsoft.VisualStudio.TestPlatform.Common.ExtensionFramework.Utilities.TestSettingsProviderPluginInformation TExtension: Microsoft.VisualStudio.TestPlatform.ObjectModel.Adapter.ISettingsProvider
TpTrace Verbose: 0 : 11092, 4, 2023/05/22, 09:52:46.411, 2971424766617, testhost.dll, TestPluginCache.GetExtensionPaths: Filtered extension paths: 
TpTrace Verbose: 0 : 11092, 4, 2023/05/22, 09:52:46.411, 2971424767027, testhost.dll, TestPluginCache.GetExtensionPaths: Added default extension paths: C:\JuanCarlos\USIL\UnitTesting.Test\bin\Debug\netcoreapp3.1\fine-code-coverage\build-output\xunit.runner.visualstudio.dotnetcore.testadapter.dll
TpTrace Verbose: 0 : 11092, 4, 2023/05/22, 09:52:46.411, 2971424767402, testhost.dll, TestPluginCache.GetExtensionPaths: Added unfilterableExtensionPaths: 
TpTrace Information: 0 : 11092, 4, 2023/05/22, 09:52:46.411, 2971424769964, testhost.dll, AssemblyResolver.AddSearchDirectories: Adding more searchDirectories C:\JuanCarlos\USIL\UnitTesting.Test\bin\Debug\netcoreapp3.1\fine-code-coverage\build-output
TpTrace Verbose: 0 : 11092, 4, 2023/05/22, 09:52:46.411, 2971424770421, testhost.dll, TestPluginCache.DiscoverTestExtensions: Discovering the extensions using extension path.
TpTrace Verbose: 0 : 11092, 4, 2023/05/22, 09:52:46.411, 2971424770882, testhost.dll, TestPluginCache.GetExtensionPaths: Filtered extension paths: 
TpTrace Verbose: 0 : 11092, 4, 2023/05/22, 09:52:46.411, 2971424771116, testhost.dll, TestPluginCache.GetExtensionPaths: Added default extension paths: C:\JuanCarlos\USIL\UnitTesting.Test\bin\Debug\netcoreapp3.1\fine-code-coverage\build-output\xunit.runner.visualstudio.dotnetcore.testadapter.dll
TpTrace Verbose: 0 : 11092, 4, 2023/05/22, 09:52:46.411, 2971424771346, testhost.dll, TestPluginCache.GetExtensionPaths: Added unfilterableExtensionPaths: 
TpTrace Verbose: 0 : 11092, 4, 2023/05/22, 09:52:46.411, 2971424771639, testhost.dll, TestPluginCache.DiscoverTestExtensions: Discovering the extensions using allExtensionPaths: C:\JuanCarlos\USIL\UnitTesting.Test\bin\Debug\netcoreapp3.1\fine-code-coverage\build-output\xunit.runner.visualstudio.dotnetcore.testadapter.dll
TpTrace Information: 0 : 11092, 4, 2023/05/22, 09:52:46.411, 2971424771992, testhost.dll, AssemblyResolver.AddSearchDirectories: Adding more searchDirectories C:\JuanCarlos\USIL\UnitTesting.Test\bin\Debug\netcoreapp3.1\fine-code-coverage\build-output
TpTrace Verbose: 0 : 11092, 4, 2023/05/22, 09:52:46.412, 2971424773779, testhost.dll, TestPluginCache: Discovered the extensions using extension path ''.
TpTrace Verbose: 0 : 11092, 4, 2023/05/22, 09:52:46.412, 2971424774121, testhost.dll, TestPluginCache: Discoverers are ''.
TpTrace Verbose: 0 : 11092, 4, 2023/05/22, 09:52:46.412, 2971424774486, testhost.dll, TestPluginCache: Executors are 'executor://xunit/VsTestRunner2/netcoreapp'.
TpTrace Verbose: 0 : 11092, 4, 2023/05/22, 09:52:46.412, 2971424775032, testhost.dll, TestPluginCache: Setting providers are ''.
TpTrace Verbose: 0 : 11092, 4, 2023/05/22, 09:52:46.412, 2971424775320, testhost.dll, TestPluginCache: Loggers are ''.
TpTrace Verbose: 0 : 11092, 4, 2023/05/22, 09:52:46.413, 2971424783020, testhost.dll, TestExecutorService: Loaded the settings providers
TpTrace Information: 0 : 11092, 4, 2023/05/22, 09:52:46.413, 2971424783427, testhost.dll, TestExecutorService: Loaded the extensions
TpTrace Information: 0 : 11092, 4, 2023/05/22, 09:52:46.431, 2971424965448, testhost.dll, AssemblyResolver.OnResolve: Microsoft.VisualStudio.TestPlatform.Common.resources: Resolving assembly.
TpTrace Information: 0 : 11092, 4, 2023/05/22, 09:52:46.431, 2971424966983, testhost.dll, AssemblyResolver.OnResolve: Microsoft.VisualStudio.TestPlatform.Common.resources: Failed to load assembly.
TpTrace Information: 0 : 11092, 4, 2023/05/22, 09:52:46.473, 2971425391913, testhost.dll, TestDiscoveryManager: Discovering tests from sources C:\JuanCarlos\USIL\UnitTesting.Test\bin\Debug\netcoreapp3.1\fine-code-coverage\build-output\UnitTesting.Test.dll
TpTrace Verbose: 0 : 11092, 4, 2023/05/22, 09:52:46.475, 2971425409275, testhost.dll, TestPluginCache.DiscoverTestExtensions: finding test extensions in assemblies endswith: TestAdapter.dll TPluginInfo: Microsoft.VisualStudio.TestPlatform.Common.ExtensionFramework.Utilities.TestDiscovererPluginInformation TExtension: Microsoft.VisualStudio.TestPlatform.ObjectModel.Adapter.ITestDiscoverer
TpTrace Verbose: 0 : 11092, 4, 2023/05/22, 09:52:46.475, 2971425410164, testhost.dll, TestPluginCache.GetExtensionPaths: Filtered extension paths: 
TpTrace Verbose: 0 : 11092, 4, 2023/05/22, 09:52:46.475, 2971425410526, testhost.dll, TestPluginCache.GetExtensionPaths: Added default extension paths: C:\JuanCarlos\USIL\UnitTesting.Test\bin\Debug\netcoreapp3.1\fine-code-coverage\build-output\xunit.runner.visualstudio.dotnetcore.testadapter.dll
TpTrace Verbose: 0 : 11092, 4, 2023/05/22, 09:52:46.475, 2971425410838, testhost.dll, TestPluginCache.GetExtensionPaths: Added unfilterableExtensionPaths: 
TpTrace Information: 0 : 11092, 4, 2023/05/22, 09:52:46.475, 2971425411841, testhost.dll, AssemblyResolver.AddSearchDirectories: Adding more searchDirectories C:\JuanCarlos\USIL\UnitTesting.Test\bin\Debug\netcoreapp3.1\fine-code-coverage\build-output
TpTrace Verbose: 0 : 11092, 4, 2023/05/22, 09:52:46.475, 2971425412273, testhost.dll, TestPluginCache.DiscoverTestExtensions: Discovering the extensions using extension path.
TpTrace Verbose: 0 : 11092, 4, 2023/05/22, 09:52:46.475, 2971425412533, testhost.dll, TestPluginCache.GetExtensionPaths: Filtered extension paths: 
TpTrace Verbose: 0 : 11092, 4, 2023/05/22, 09:52:46.476, 2971425412755, testhost.dll, TestPluginCache.GetExtensionPaths: Added default extension paths: C:\JuanCarlos\USIL\UnitTesting.Test\bin\Debug\netcoreapp3.1\fine-code-coverage\build-output\xunit.runner.visualstudio.dotnetcore.testadapter.dll
TpTrace Verbose: 0 : 11092, 4, 2023/05/22, 09:52:46.476, 2971425413013, testhost.dll, TestPluginCache.GetExtensionPaths: Added unfilterableExtensionPaths: 
TpTrace Verbose: 0 : 11092, 4, 2023/05/22, 09:52:46.476, 2971425413274, testhost.dll, TestPluginCache.DiscoverTestExtensions: Discovering the extensions using allExtensionPaths: C:\JuanCarlos\USIL\UnitTesting.Test\bin\Debug\netcoreapp3.1\fine-code-coverage\build-output\xunit.runner.visualstudio.dotnetcore.testadapter.dll
TpTrace Information: 0 : 11092, 4, 2023/05/22, 09:52:46.476, 2971425413603, testhost.dll, AssemblyResolver.AddSearchDirectories: Adding more searchDirectories C:\JuanCarlos\USIL\UnitTesting.Test\bin\Debug\netcoreapp3.1\fine-code-coverage\build-output
TpTrace Information: 0 : 11092, 4, 2023/05/22, 09:52:46.477, 2971425428044, testhost.dll, AssemblyResolver.OnResolve: System.ComponentModel.Primitives.resources: Resolving assembly.
TpTrace Information: 0 : 11092, 4, 2023/05/22, 09:52:46.477, 2971425429087, testhost.dll, AssemblyResolver.OnResolve: System.ComponentModel.Primitives.resources: Failed to load assembly.
TpTrace Verbose: 0 : 11092, 4, 2023/05/22, 09:52:46.477, 2971425431715, testhost.dll, CurrentDomain_AssemblyResolve: Resolving assembly 'System.ComponentModel.Primitives.resources'.
TpTrace Information: 0 : 11092, 4, 2023/05/22, 09:52:46.477, 2971425432450, testhost.dll, AssemblyResolver.OnResolve: System.ComponentModel.Primitives.resources: Resolving assembly.
TpTrace Information: 0 : 11092, 4, 2023/05/22, 09:52:46.478, 2971425432810, testhost.dll, AssemblyResolver.OnResolve: System.ComponentModel.Primitives.resources: Resolved from cache.
TpTrace Verbose: 0 : 11092, 4, 2023/05/22, 09:52:46.478, 2971425433092, testhost.dll, CurrentDomain_AssemblyResolve: Resolving assembly 'System.ComponentModel.Primitives.resources'.
TpTrace Verbose: 0 : 11092, 4, 2023/05/22, 09:52:46.478, 2971425433354, testhost.dll, CurrentDomainAssemblyResolve: Failed to resolve assembly 'System.ComponentModel.Primitives.resources'.
TpTrace Verbose: 0 : 11092, 4, 2023/05/22, 09:52:46.478, 2971425440544, testhost.dll, CurrentDomainAssemblyResolve: Failed to resolve assembly 'System.ComponentModel.Primitives.resources'.
TpTrace Information: 0 : 11092, 4, 2023/05/22, 09:52:46.479, 2971425442978, testhost.dll, AssemblyResolver.OnResolve: System.ComponentModel.Primitives.resources: Resolving assembly.
TpTrace Information: 0 : 11092, 4, 2023/05/22, 09:52:46.479, 2971425443359, testhost.dll, AssemblyResolver.OnResolve: System.ComponentModel.Primitives.resources: Resolved from cache.
TpTrace Verbose: 0 : 11092, 4, 2023/05/22, 09:52:46.479, 2971425443737, testhost.dll, CurrentDomain_AssemblyResolve: Resolving assembly 'System.ComponentModel.Primitives.resources'.
TpTrace Verbose: 0 : 11092, 4, 2023/05/22, 09:52:46.479, 2971425443988, testhost.dll, CurrentDomainAssemblyResolve: Failed to resolve assembly 'System.ComponentModel.Primitives.resources'.
TpTrace Verbose: 0 : 11092, 4, 2023/05/22, 09:52:46.479, 2971425450726, testhost.dll, TestPluginCache: Discovered the extensions using extension path ''.
TpTrace Verbose: 0 : 11092, 4, 2023/05/22, 09:52:46.479, 2971425451236, testhost.dll, TestPluginCache: Discoverers are 'Xunit.Runner.VisualStudio.VsTestRunner, xunit.runner.visualstudio.dotnetcore.testadapter, Version=2.4.0.4049, Culture=neutral, PublicKeyToken=8d05b1bb7a6fdb6c'.
TpTrace Verbose: 0 : 11092, 4, 2023/05/22, 09:52:46.479, 2971425451543, testhost.dll, TestPluginCache: Executors are 'executor://xunit/VsTestRunner2/netcoreapp'.
TpTrace Verbose: 0 : 11092, 4, 2023/05/22, 09:52:46.479, 2971425451786, testhost.dll, TestPluginCache: Setting providers are ''.
TpTrace Verbose: 0 : 11092, 4, 2023/05/22, 09:52:46.479, 2971425452045, testhost.dll, TestPluginCache: Loggers are ''.
TpTrace Information: 0 : 11092, 4, 2023/05/22, 09:52:46.486, 2971425516047, testhost.dll, PEReaderHelper.GetAssemblyType: Determined assemblyType:'Managed' for source: 'C:\JuanCarlos\USIL\UnitTesting.Test\bin\Debug\netcoreapp3.1\fine-code-coverage\build-output\UnitTesting.Test.dll'
TpTrace Verbose: 0 : 11092, 4, 2023/05/22, 09:52:46.490, 2971425556137, testhost.dll, BaseRunTests.RunTestInternalWithExecutors: Running tests for executor://xunit/VsTestRunner2/netcoreapp
TpTrace Information: 0 : 11092, 4, 2023/05/22, 09:52:46.494, 2971425601065, testhost.dll, [xUnit.net 00:00:00.00] xUnit.net VSTest Adapter v2.4.0 (64-bit .NET Core 3.1.32)
TpTrace Verbose: 0 : 11092, 4, 2023/05/22, 09:52:46.494, 2971425602539, testhost.dll, TestRequestHandler.SendData:  sending data from testhost: {"Version":2,"MessageType":"TestSession.Message","Payload":{"MessageLevel":0,"Message":"[xUnit.net 00:00:00.00] xUnit.net VSTest Adapter v2.4.0 (64-bit .NET Core 3.1.32)"}}
TpTrace Information: 0 : 11092, 4, 2023/05/22, 09:52:46.979, 2971430452377, testhost.dll, AssemblyResolver.OnResolve: xunit.runner.reporters.netcoreapp10: Resolving assembly.
TpTrace Information: 0 : 11092, 4, 2023/05/22, 09:52:46.980, 2971430458983, testhost.dll, AssemblyResolver.OnResolve: Resolved assembly: xunit.runner.reporters.netcoreapp10, from path: C:\JuanCarlos\USIL\UnitTesting.Test\bin\Debug\netcoreapp3.1\fine-code-coverage\build-output\xunit.runner.reporters.netcoreapp10.dll
TpTrace Information: 0 : 11092, 4, 2023/05/22, 09:52:47.052, 2971431175217, testhost.dll, [xUnit.net 00:00:00.56]   Discovering: UnitTesting.Test
TpTrace Verbose: 0 : 11092, 4, 2023/05/22, 09:52:47.052, 2971431178391, testhost.dll, TestRequestHandler.SendData:  sending data from testhost: {"Version":2,"MessageType":"TestSession.Message","Payload":{"MessageLevel":0,"Message":"[xUnit.net 00:00:00.56]   Discovering: UnitTesting.Test"}}
TpTrace Information: 0 : 11092, 4, 2023/05/22, 09:52:47.082, 2971431479343, testhost.dll, [xUnit.net 00:00:00.59]   Discovered:  UnitTesting.Test
TpTrace Verbose: 0 : 11092, 4, 2023/05/22, 09:52:47.082, 2971431480544, testhost.dll, TestRequestHandler.SendData:  sending data from testhost: {"Version":2,"MessageType":"TestSession.Message","Payload":{"MessageLevel":0,"Message":"[xUnit.net 00:00:00.59]   Discovered:  UnitTesting.Test"}}
TpTrace Information: 0 : 11092, 4, 2023/05/22, 09:52:47.084, 2971431500531, testhost.dll, [xUnit.net 00:00:00.59]   Starting:    UnitTesting.Test
TpTrace Verbose: 0 : 11092, 4, 2023/05/22, 09:52:47.084, 2971431501292, testhost.dll, TestRequestHandler.SendData:  sending data from testhost: {"Version":2,"MessageType":"TestSession.Message","Payload":{"MessageLevel":0,"Message":"[xUnit.net 00:00:00.59]   Starting:    UnitTesting.Test"}}
TpTrace Verbose: 0 : 11092, 13, 2023/05/22, 09:52:47.123, 2971431883668, testhost.dll, TestExecutionRecorder.RecordStart: Starting test: UnitTesting.Test.ValidarGets.ValidarCapacidadArchivoPLano.
TpTrace Error: 0 : 11092, 13, 2023/05/22, 09:52:47.152, 2971432174541, testhost.dll, [xUnit.net 00:00:00.66]     UnitTesting.Test.ValidarGets.ValidarCapacidadArchivoPLano [FAIL]
TpTrace Verbose: 0 : 11092, 13, 2023/05/22, 09:52:47.152, 2971432175666, testhost.dll, TestRequestHandler.SendData:  sending data from testhost: {"Version":2,"MessageType":"TestSession.Message","Payload":{"MessageLevel":2,"Message":"[xUnit.net 00:00:00.66]     UnitTesting.Test.ValidarGets.ValidarCapacidadArchivoPLano [FAIL]"}}
TpTrace Information: 0 : 11092, 13, 2023/05/22, 09:52:47.153, 2971432184664, testhost.dll, [xUnit.net 00:00:00.66]       System.NullReferenceException : Object reference not set to an instance of an object.
TpTrace Verbose: 0 : 11092, 13, 2023/05/22, 09:52:47.153, 2971432185437, testhost.dll, TestRequestHandler.SendData:  sending data from testhost: {"Version":2,"MessageType":"TestSession.Message","Payload":{"MessageLevel":0,"Message":"[xUnit.net 00:00:00.66]       System.NullReferenceException : Object reference not set to an instance of an object."}}
TpTrace Information: 0 : 11092, 13, 2023/05/22, 09:52:47.153, 2971432192107, testhost.dll, [xUnit.net 00:00:00.66]       Stack Trace:
TpTrace Verbose: 0 : 11092, 13, 2023/05/22, 09:52:47.154, 2971432192823, testhost.dll, TestRequestHandler.SendData:  sending data from testhost: {"Version":2,"MessageType":"TestSession.Message","Payload":{"MessageLevel":0,"Message":"[xUnit.net 00:00:00.66]       Stack Trace:"}}
TpTrace Information: 0 : 11092, 13, 2023/05/22, 09:52:47.154, 2971432198478, testhost.dll, [xUnit.net 00:00:00.66]         C:\JuanCarlos\USIL\challenge_microservice_template-master\DTOs\ValidarObjetos.cs(33,0): at TestApi.DTOs.ValidarObjetos.CapacidadArchivotxt()
TpTrace Verbose: 0 : 11092, 13, 2023/05/22, 09:52:47.154, 2971432199168, testhost.dll, TestRequestHandler.SendData:  sending data from testhost: {"Version":2,"MessageType":"TestSession.Message","Payload":{"MessageLevel":0,"Message":"[xUnit.net 00:00:00.66]         C:\\JuanCarlos\\USIL\\challenge_microservice_template-master\\DTOs\\ValidarObjetos.cs(33,0): at TestApi.DTOs.ValidarObjetos.CapacidadArchivotxt()"}}
TpTrace Information: 0 : 11092, 13, 2023/05/22, 09:52:47.154, 2971432200058, testhost.dll, [xUnit.net 00:00:00.66]         C:\JuanCarlos\USIL\UnitTesting.Test\ValidarGets.cs(29,0): at UnitTesting.Test.ValidarGets.ValidarCapacidadArchivoPLano()
TpTrace Verbose: 0 : 11092, 13, 2023/05/22, 09:52:47.154, 2971432200801, testhost.dll, TestRequestHandler.SendData:  sending data from testhost: {"Version":2,"MessageType":"TestSession.Message","Payload":{"MessageLevel":0,"Message":"[xUnit.net 00:00:00.66]         C:\\JuanCarlos\\USIL\\UnitTesting.Test\\ValidarGets.cs(29,0): at UnitTesting.Test.ValidarGets.ValidarCapacidadArchivoPLano()"}}
TpTrace Verbose: 0 : 11092, 13, 2023/05/22, 09:52:47.156, 2971432219728, testhost.dll, TestExecutionRecorder.RecordResult: Received result for test: UnitTesting.Test.ValidarGets.ValidarCapacidadArchivoPLano.
TpTrace Verbose: 0 : 11092, 13, 2023/05/22, 09:52:47.170, 2971432360837, testhost.dll, TestExecutionRecorder.RecordEnd: test: UnitTesting.Test.ValidarGets.ValidarCapacidadArchivoPLano execution completed.
TpTrace Warning: 0 : 11092, 13, 2023/05/22, 09:52:47.170, 2971432362022, testhost.dll, InProgressTests is null
TpTrace Verbose: 0 : 11092, 13, 2023/05/22, 09:52:47.171, 2971432362845, testhost.dll, TestExecutionRecorder.RecordStart: Starting test: UnitTesting.Test.ValidarGets.ValidarNombreArchivoPlano.
TpTrace Error: 0 : 11092, 13, 2023/05/22, 09:52:47.171, 2971432371299, testhost.dll, [xUnit.net 00:00:00.68]     UnitTesting.Test.ValidarGets.ValidarNombreArchivoPlano [FAIL]
TpTrace Verbose: 0 : 11092, 13, 2023/05/22, 09:52:47.171, 2971432371977, testhost.dll, TestRequestHandler.SendData:  sending data from testhost: {"Version":2,"MessageType":"TestSession.Message","Payload":{"MessageLevel":2,"Message":"[xUnit.net 00:00:00.68]     UnitTesting.Test.ValidarGets.ValidarNombreArchivoPlano [FAIL]"}}
TpTrace Information: 0 : 11092, 13, 2023/05/22, 09:52:47.172, 2971432372728, testhost.dll, [xUnit.net 00:00:00.68]       System.NullReferenceException : Object reference not set to an instance of an object.
TpTrace Verbose: 0 : 11092, 13, 2023/05/22, 09:52:47.172, 2971432373257, testhost.dll, TestRequestHandler.SendData:  sending data from testhost: {"Version":2,"MessageType":"TestSession.Message","Payload":{"MessageLevel":0,"Message":"[xUnit.net 00:00:00.68]       System.NullReferenceException : Object reference not set to an instance of an object."}}
TpTrace Information: 0 : 11092, 13, 2023/05/22, 09:52:47.172, 2971432373974, testhost.dll, [xUnit.net 00:00:00.68]       Stack Trace:
TpTrace Verbose: 0 : 11092, 13, 2023/05/22, 09:52:47.172, 2971432374644, testhost.dll, TestRequestHandler.SendData:  sending data from testhost: {"Version":2,"MessageType":"TestSession.Message","Payload":{"MessageLevel":0,"Message":"[xUnit.net 00:00:00.68]       Stack Trace:"}}
TpTrace Information: 0 : 11092, 13, 2023/05/22, 09:52:47.172, 2971432375430, testhost.dll, [xUnit.net 00:00:00.68]         C:\JuanCarlos\USIL\challenge_microservice_template-master\DTOs\ValidarObjetos.cs(24,0): at TestApi.DTOs.ValidarObjetos.NombreArchivotxt(String nombre)
TpTrace Verbose: 0 : 11092, 13, 2023/05/22, 09:52:47.172, 2971432376088, testhost.dll, TestRequestHandler.SendData:  sending data from testhost: {"Version":2,"MessageType":"TestSession.Message","Payload":{"MessageLevel":0,"Message":"[xUnit.net 00:00:00.68]         C:\\JuanCarlos\\USIL\\challenge_microservice_template-master\\DTOs\\ValidarObjetos.cs(24,0): at TestApi.DTOs.ValidarObjetos.NombreArchivotxt(String nombre)"}}
TpTrace Information: 0 : 11092, 13, 2023/05/22, 09:52:47.172, 2971432377026, testhost.dll, [xUnit.net 00:00:00.68]         C:\JuanCarlos\USIL\UnitTesting.Test\ValidarGets.cs(16,0): at UnitTesting.Test.ValidarGets.ValidarNombreArchivoPlano()
TpTrace Verbose: 0 : 11092, 13, 2023/05/22, 09:52:47.172, 2971432377573, testhost.dll, TestRequestHandler.SendData:  sending data from testhost: {"Version":2,"MessageType":"TestSession.Message","Payload":{"MessageLevel":0,"Message":"[xUnit.net 00:00:00.68]         C:\\JuanCarlos\\USIL\\UnitTesting.Test\\ValidarGets.cs(16,0): at UnitTesting.Test.ValidarGets.ValidarNombreArchivoPlano()"}}
TpTrace Verbose: 0 : 11092, 13, 2023/05/22, 09:52:47.172, 2971432378588, testhost.dll, TestExecutionRecorder.RecordResult: Received result for test: UnitTesting.Test.ValidarGets.ValidarNombreArchivoPlano.
TpTrace Verbose: 0 : 11092, 13, 2023/05/22, 09:52:47.173, 2971432386915, testhost.dll, TestExecutionRecorder.RecordEnd: test: UnitTesting.Test.ValidarGets.ValidarNombreArchivoPlano execution completed.
TpTrace Warning: 0 : 11092, 13, 2023/05/22, 09:52:47.173, 2971432387312, testhost.dll, InProgressTests is null
TpTrace Information: 0 : 11092, 4, 2023/05/22, 09:52:47.174, 2971432396261, testhost.dll, [xUnit.net 00:00:00.68]   Finished:    UnitTesting.Test
TpTrace Verbose: 0 : 11092, 4, 2023/05/22, 09:52:47.174, 2971432397371, testhost.dll, TestRequestHandler.SendData:  sending data from testhost: {"Version":2,"MessageType":"TestSession.Message","Payload":{"MessageLevel":0,"Message":"[xUnit.net 00:00:00.68]   Finished:    UnitTesting.Test"}}
TpTrace Verbose: 0 : 11092, 4, 2023/05/22, 09:52:47.178, 2971432433149, testhost.dll, BaseRunTests.RunTestInternalWithExecutors: Completed running tests for executor://xunit/VsTestRunner2/netcoreapp
TpTrace Information: 0 : 11092, 4, 2023/05/22, 09:52:47.180, 2971432460192, testhost.dll, Sending test run complete
TpTrace Verbose: 0 : 11092, 4, 2023/05/22, 09:52:47.207, 2971432732366, testhost.dll, TestRequestHandler.SendData:  sending data from testhost: {"Version":2,"MessageType":"TestExecution.Completed","Payload":{"TestRunCompleteArgs":{"TestRunStatistics":{"ExecutedTests":2,"Stats":{"Failed":2}},"IsCanceled":false,"IsAborted":false,"Error":null,"AttachmentSets":[],"ElapsedTimeInRunningTests":"00:00:00.6905046","Metrics":{}},"LastRunTests":{"NewTestResults":[{"TestCase":{"Id":"80e44c76-9d51-1716-a396-936b9ef7b382","FullyQualifiedName":"UnitTesting.Test.ValidarGets.ValidarCapacidadArchivoPLano","DisplayName":"UnitTesting.Test.ValidarGets.ValidarCapacidadArchivoPLano","ExecutorUri":"executor://xunit/VsTestRunner2/netcoreapp","Source":"C:\\JuanCarlos\\USIL\\UnitTesting.Test\\bin\\Debug\\netcoreapp3.1\\fine-code-coverage\\build-output\\UnitTesting.Test.dll","CodeFilePath":null,"LineNumber":0,"Properties":[]},"Attachments":[],"Outcome":2,"ErrorMessage":"System.NullReferenceException : Object reference not set to an instance of an object.","ErrorStackTrace":"   at TestApi.DTOs.ValidarObjetos.CapacidadArchivotxt() in C:\\JuanCarlos\\USIL\\challenge_microservice_template-master\\DTOs\\ValidarObjetos.cs:line 33\r\n   at UnitTesting.Test.ValidarGets.ValidarCapacidadArchivoPLano() in C:\\JuanCarlos\\USIL\\UnitTesting.Test\\ValidarGets.cs:line 29","DisplayName":"UnitTesting.Test.ValidarGets.ValidarCapacidadArchivoPLano","Messages":[],"ComputerName":"DESKTOP-B5K2N73","Duration":"00:00:00.0035575","StartTime":"2023-05-22T14:52:47.1561797+00:00","EndTime":"2023-05-22T14:52:47.1562464+00:00","Properties":[]},{"TestCase":{"Id":"b4f40073-58e8-ce22-4f23-ce83c1a07766","FullyQualifiedName":"UnitTesting.Test.ValidarGets.ValidarNombreArchivoPlano","DisplayName":"UnitTesting.Test.ValidarGets.ValidarNombreArchivoPlano","ExecutorUri":"executor://xunit/VsTestRunner2/netcoreapp","Source":"C:\\JuanCarlos\\USIL\\UnitTesting.Test\\bin\\Debug\\netcoreapp3.1\\fine-code-coverage\\build-output\\UnitTesting.Test.dll","CodeFilePath":null,"LineNumber":0,"Properties":[]},"Attachments":[],"Outcome":2,"ErrorMessage":"System.NullReferenceException : Object reference not set to an instance of an object.","ErrorStackTrace":"   at TestApi.DTOs.ValidarObjetos.NombreArchivotxt(String nombre) in C:\\JuanCarlos\\USIL\\challenge_microservice_template-master\\DTOs\\ValidarObjetos.cs:line 24\r\n   at UnitTesting.Test.ValidarGets.ValidarNombreArchivoPlano() in C:\\JuanCarlos\\USIL\\UnitTesting.Test\\ValidarGets.cs:line 16","DisplayName":"UnitTesting.Test.ValidarGets.ValidarNombreArchivoPlano","Messages":[],"ComputerName":"DESKTOP-B5K2N73","Duration":"00:00:00.0005395","StartTime":"2023-05-22T14:52:47.1725699+00:00","EndTime":"2023-05-22T14:52:47.1725715+00:00","Properties":[]}],"TestRunStatistics":{"ExecutedTests":2,"Stats":{"Failed":2}},"ActiveTests":[]},"RunAttachments":[],"ExecutorUris":["executor://xunit/VsTestRunner2/netcoreapp"]}}
TpTrace Verbose: 0 : 11092, 4, 2023/05/22, 09:52:47.208, 2971432735674, testhost.dll, BaseRunTests.RunTests: Run is complete.
TpTrace Verbose: 0 : 11092, 9, 2023/05/22, 09:52:47.208, 2971432738281, testhost.dll, TcpClientExtensions.MessageLoopAsync: NotifyDataAvailable remoteEndPoint: [::ffff:127.0.0.1]:54878 localEndPoint: [::ffff:127.0.0.1]:54879
TpTrace Information: 0 : 11092, 9, 2023/05/22, 09:52:47.208, 2971432739253, testhost.dll, TestRequestHandler.ProcessRequests: received message: (TestSession.Terminate) -> null
TpTrace Information: 0 : 11092, 9, 2023/05/22, 09:52:47.208, 2971432739590, testhost.dll, Session End message received from server. Closing the connection.
TpTrace Information: 0 : 11092, 9, 2023/05/22, 09:52:47.208, 2971432742352, testhost.dll, SocketClient.Stop: Stop communication from server endpoint: 127.0.0.1:054878
TpTrace Information: 0 : 11092, 9, 2023/05/22, 09:52:47.209, 2971432742699, testhost.dll, SocketClient: Stop: Cancellation requested. Stopping message loop.
TpTrace Verbose: 0 : 11092, 9, 2023/05/22, 09:52:47.209, 2971432743442, testhost.dll, LengthPrefixCommunicationChannel.Dispose: Dispose reader and writer.
TpTrace Information: 0 : 11092, 9, 2023/05/22, 09:52:47.209, 2971432743922, testhost.dll, Closing the connection !
TpTrace Information: 0 : 11092, 9, 2023/05/22, 09:52:47.209, 2971432745847, testhost.dll, SocketClient.PrivateStop: Stop communication from server endpoint: 127.0.0.1:054878, error:
TpTrace Verbose: 0 : 11092, 9, 2023/05/22, 09:52:47.209, 2971432746780, testhost.dll, LengthPrefixCommunicationChannel.Dispose: Dispose reader and writer.
TpTrace Information: 0 : 11092, 1, 2023/05/22, 09:52:47.209, 2971432746834, testhost.dll, Closing the connection !
TpTrace Verbose: 0 : 11092, 9, 2023/05/22, 09:52:47.209, 2971432747229, testhost.dll, TcpClientExtensions.MessageLoopAsync: exiting MessageLoopAsync remoteEndPoint: [::ffff:127.0.0.1]:54878 localEndPoint: [::ffff:127.0.0.1]:54879
TpTrace Information: 0 : 11092, 1, 2023/05/22, 09:52:47.209, 2971432747749, testhost.dll, SocketClient.Stop: Stop communication from server endpoint: 127.0.0.1:054878
TpTrace Verbose: 0 : 11092, 1, 2023/05/22, 09:52:47.209, 2971432748086, testhost.dll, LengthPrefixCommunicationChannel.Dispose: Dispose reader and writer.
TpTrace Information: 0 : 11092, 1, 2023/05/22, 09:52:47.209, 2971432748748, testhost.dll, Testhost process exiting.
