TpTrace Verbose: 0 : 10652, 1, 2023/05/22, 09:52:45.886, 2971419522321, datacollector.dll, Version: 17.3.1
TpTrace Information: 0 : 10652, 1, 2023/05/22, 09:52:45.891, 2971419568170, datacollector.dll, DataCollectorMain.Run: Starting data collector run with args: --port,54875,--parentprocessid,14044,--diag,C:\JuanCarlos\USIL\UnitTesting.Test\bin\Debug\netcoreapp3.1\fine-code-coverage\coverage-tool-output\diagnostics.datacollector.23-05-22_09-52-45_78210_1.log,--tracelevel,4
TpTrace Information: 0 : 10652, 1, 2023/05/22, 09:52:45.891, 2971419569476, datacollector.dll, DataCollector: Monitoring parent process with id: '14044'
TpTrace Information: 0 : 10652, 1, 2023/05/22, 09:52:45.896, 2971419621891, datacollector.dll, Trying to connect to server on socket : 127.0.0.1:54875 
TpTrace Verbose: 0 : 10652, 1, 2023/05/22, 09:52:45.903, 2971419690253, datacollector.dll, SocketCommunicationManager : SetupClientAsync : Attempting to connect to the server.
TpTrace Information: 0 : 10652, 8, 2023/05/22, 09:52:45.911, 2971419764099, datacollector.dll, Connected to the server successfully 
TpTrace Information: 0 : 10652, 8, 2023/05/22, 09:52:45.911, 2971419764696, datacollector.dll, Using the buffer size of 16384 bytes
TpTrace Information: 0 : 10652, 1, 2023/05/22, 09:52:45.966, 2971420321899, datacollector.dll, DataCollector: Start Request Processing.
TpTrace Verbose: 0 : 10652, 1, 2023/05/22, 09:52:45.967, 2971420323633, datacollector.dll, SocketCommunicationManager.WaitForServerConnection took: 0 ms, with 90000 ms timeout, and finished with True.
TpTrace Information: 0 : 10652, 1, 2023/05/22, 09:52:45.967, 2971420325555, datacollector.dll, DataCollectionRequestHandler.ProcessRequests: Datacollector received message: (DataCollection.BeforeTestRunStart) -> {"MessageType":"DataCollection.BeforeTestRunStart","Payload":{"SettingsXml":"<RunSettings><RunConfiguration><ResultsDirectory>C:\\JuanCarlos\\USIL\\UnitTesting.Test\\bin\\Debug\\netcoreapp3.1\\fine-code-coverage\\coverage-tool-output</ResultsDirectory><TargetPlatform>X64</TargetPlatform><TargetFrameworkVersion>.NETCoreApp,Version=v3.1</TargetFrameworkVersion><DesignMode>False</DesignMode><CollectSourceInformation>False</CollectSourceInformation><TestAdaptersPaths>C:\\Program Files\\dotnet\\sdk\\6.0.405\\Extensions</TestAdaptersPaths></RunConfiguration><LoggerRunSettings><Loggers><Logger friendlyName=\"blame\" enabled=\"True\" /><Logger friendlyName=\"Console\" uri=\"logger://microsoft/TestPlatform/ConsoleLogger/v1\" assemblyQualifiedName=\"Microsoft.VisualStudio.TestPlatform.CommandLine.Internal.ConsoleLogger, vstest.console, Version=15.0.0.0, Culture=neutral, PublicKeyToken=b03f5f7f11d50a3a\" codeBase=\"C:\\Program Files\\dotnet\\sdk\\6.0.405\\vstest.console.dll\" enabled=\"True\" /></Loggers></LoggerRunSettings><DataCollectionRunSettings><DataCollectors><DataCollector friendlyName=\"blame\" enabled=\"True\"><Configuration><ResultsDirectory>C:\\JuanCarlos\\USIL\\UnitTesting.Test\\bin\\Debug\\netcoreapp3.1\\fine-code-coverage\\coverage-tool-output</ResultsDirectory></Configuration></DataCollector></DataCollectors></DataCollectionRunSettings></RunSettings>","Sources":["C:\\JuanCarlos\\USIL\\UnitTesting.Test\\bin\\Debug\\netcoreapp3.1\\fine-code-coverage\\build-output\\UnitTesting.Test.dll"],"IsTelemetryOptedIn":false}}
TpTrace Verbose: 0 : 10652, 1, 2023/05/22, 09:52:46.000, 2971420653884, datacollector.dll, TestPluginCache: Update extensions started. Skip filter = False
TpTrace Verbose: 0 : 10652, 1, 2023/05/22, 09:52:46.000, 2971420660308, datacollector.dll, TestPluginCache: Using directories for assembly resolution 'C:\Program Files\dotnet\sdk\6.0.405\Extensions'.
TpTrace Verbose: 0 : 10652, 1, 2023/05/22, 09:52:46.000, 2971420660977, datacollector.dll, TestPluginCache: Updated the available extensions to 'C:\Program Files\dotnet\sdk\6.0.405\Extensions\Microsoft.TestPlatform.Extensions.BlameDataCollector.dll,C:\Program Files\dotnet\sdk\6.0.405\Extensions\Microsoft.TestPlatform.Extensions.EventLogCollector.dll'.
TpTrace Verbose: 0 : 10652, 1, 2023/05/22, 09:52:46.006, 2971420714591, datacollector.dll, TestPluginCache.DiscoverTestExtensions: finding test extensions in assemblies ends with: Collector.dll TPluginInfo: Microsoft.VisualStudio.TestPlatform.Common.DataCollector.DataCollectorConfig TExtension: Microsoft.VisualStudio.TestPlatform.ObjectModel.DataCollection.DataCollector
TpTrace Verbose: 0 : 10652, 1, 2023/05/22, 09:52:46.006, 2971420716239, datacollector.dll, TestPluginCache.GetExtensionPaths: Filtered extension paths: C:\Program Files\dotnet\sdk\6.0.405\Extensions\Microsoft.TestPlatform.Extensions.BlameDataCollector.dll
C:\Program Files\dotnet\sdk\6.0.405\Extensions\Microsoft.TestPlatform.Extensions.EventLogCollector.dll
TpTrace Verbose: 0 : 10652, 1, 2023/05/22, 09:52:46.006, 2971420716645, datacollector.dll, TestPluginCache.GetExtensionPaths: Added default extension paths: 
TpTrace Verbose: 0 : 10652, 1, 2023/05/22, 09:52:46.006, 2971420716958, datacollector.dll, TestPluginCache.GetExtensionPaths: Added unfilterableExtensionPaths: 
TpTrace Information: 0 : 10652, 1, 2023/05/22, 09:52:46.006, 2971420721553, datacollector.dll, AssemblyResolver.ctor: Creating AssemblyResolver with searchDirectories C:\Program Files\dotnet\sdk\6.0.405\Extensions,C:\Program Files\dotnet\sdk\6.0.405
TpTrace Verbose: 0 : 10652, 1, 2023/05/22, 09:52:46.008, 2971420733960, datacollector.dll, TestPluginCache.DiscoverTestExtensions: Discovering the extensions using extension path.
TpTrace Verbose: 0 : 10652, 1, 2023/05/22, 09:52:46.008, 2971420735075, datacollector.dll, TestPluginCache.GetExtensionPaths: Filtered extension paths: C:\Program Files\dotnet\sdk\6.0.405\Extensions\Microsoft.TestPlatform.Extensions.BlameDataCollector.dll
C:\Program Files\dotnet\sdk\6.0.405\Extensions\Microsoft.TestPlatform.Extensions.EventLogCollector.dll
TpTrace Verbose: 0 : 10652, 1, 2023/05/22, 09:52:46.008, 2971420735506, datacollector.dll, TestPluginCache.GetExtensionPaths: Added default extension paths: 
TpTrace Verbose: 0 : 10652, 1, 2023/05/22, 09:52:46.008, 2971420735732, datacollector.dll, TestPluginCache.GetExtensionPaths: Added unfilterableExtensionPaths: 
TpTrace Verbose: 0 : 10652, 1, 2023/05/22, 09:52:46.008, 2971420736090, datacollector.dll, TestPluginCache.DiscoverTestExtensions: Discovering the extensions using allExtensionPaths: C:\Program Files\dotnet\sdk\6.0.405\Extensions\Microsoft.TestPlatform.Extensions.BlameDataCollector.dll
C:\Program Files\dotnet\sdk\6.0.405\Extensions\Microsoft.TestPlatform.Extensions.EventLogCollector.dll
TpTrace Information: 0 : 10652, 1, 2023/05/22, 09:52:46.008, 2971420737036, datacollector.dll, AssemblyResolver.AddSearchDirectories: Adding more searchDirectories C:\Program Files\dotnet\sdk\6.0.405\Extensions,C:\Program Files\dotnet\sdk\6.0.405
TpTrace Information: 0 : 10652, 1, 2023/05/22, 09:52:46.008, 2971420737444, datacollector.dll, AssemblyResolver.AddSearchDirectories: Adding more searchDirectories C:\Program Files\dotnet\sdk\6.0.405\Extensions,C:\Program Files\dotnet\sdk\6.0.405
TpTrace Information: 0 : 10652, 1, 2023/05/22, 09:52:46.008, 2971420740333, datacollector.dll, AssemblyResolver.OnResolve: Microsoft.TestPlatform.Extensions.BlameDataCollector: Resolving assembly.
TpTrace Information: 0 : 10652, 1, 2023/05/22, 09:52:46.008, 2971420740865, datacollector.dll, AssemblyResolver.OnResolve: Microsoft.TestPlatform.Extensions.BlameDataCollector: Searching in: 'C:\Program Files\dotnet\sdk\6.0.405\Extensions'.
TpTrace Information: 0 : 10652, 1, 2023/05/22, 09:52:46.009, 2971420745011, datacollector.dll, AssemblyResolver.OnResolve: Microsoft.TestPlatform.Extensions.BlameDataCollector: Loading assembly 'C:\Program Files\dotnet\sdk\6.0.405\Extensions\Microsoft.TestPlatform.Extensions.BlameDataCollector.dll'.
TpTrace Information: 0 : 10652, 1, 2023/05/22, 09:52:46.009, 2971420749445, datacollector.dll, AssemblyResolver.OnResolve: Resolved assembly: Microsoft.TestPlatform.Extensions.BlameDataCollector, from path: C:\Program Files\dotnet\sdk\6.0.405\Extensions\Microsoft.TestPlatform.Extensions.BlameDataCollector.dll
TpTrace Verbose: 0 : 10652, 1, 2023/05/22, 09:52:46.013, 2971420784941, datacollector.dll, MetadataReaderExtensionsHelper: Discovering extensions inside assembly 'Microsoft.TestPlatform.Extensions.BlameDataCollector, Version=15.0.0.0, Culture=neutral, PublicKeyToken=b03f5f7f11d50a3a' file path 'C:\Program Files\dotnet\sdk\6.0.405\Extensions\Microsoft.TestPlatform.Extensions.BlameDataCollector.dll'
TpTrace Error: 0 : 10652, 1, 2023/05/22, 09:52:46.020, 2971420860239, datacollector.dll, The type "Microsoft.TestPlatform.Extensions.BlameDataCollector.BlameCollector" defined in "Microsoft.TestPlatform.Extensions.BlameDataCollector.dll" does not have ExtensionUri attribute.
TpTrace Information: 0 : 10652, 1, 2023/05/22, 09:52:46.021, 2971420869018, datacollector.dll, GetTestExtensionFromType: Register extension with identifier data 'datacollector://microsoft/TestPlatform/Extensions/Blame/v1' and type 'Microsoft.TestPlatform.Extensions.BlameDataCollector.BlameCollector, Microsoft.TestPlatform.Extensions.BlameDataCollector, Version=15.0.0.0, Culture=neutral, PublicKeyToken=b03f5f7f11d50a3a' inside file 'C:\Program Files\dotnet\sdk\6.0.405\Extensions\Microsoft.TestPlatform.Extensions.BlameDataCollector.dll'
TpTrace Information: 0 : 10652, 1, 2023/05/22, 09:52:46.021, 2971420869966, datacollector.dll, AssemblyResolver.OnResolve: Microsoft.TestPlatform.Extensions.EventLogCollector: Resolving assembly.
TpTrace Information: 0 : 10652, 1, 2023/05/22, 09:52:46.021, 2971420870333, datacollector.dll, AssemblyResolver.OnResolve: Microsoft.TestPlatform.Extensions.EventLogCollector: Searching in: 'C:\Program Files\dotnet\sdk\6.0.405\Extensions'.
TpTrace Information: 0 : 10652, 1, 2023/05/22, 09:52:46.022, 2971420875023, datacollector.dll, AssemblyResolver.OnResolve: Microsoft.TestPlatform.Extensions.EventLogCollector: Loading assembly 'C:\Program Files\dotnet\sdk\6.0.405\Extensions\Microsoft.TestPlatform.Extensions.EventLogCollector.dll'.
TpTrace Information: 0 : 10652, 1, 2023/05/22, 09:52:46.022, 2971420879436, datacollector.dll, AssemblyResolver.OnResolve: Resolved assembly: Microsoft.TestPlatform.Extensions.EventLogCollector, from path: C:\Program Files\dotnet\sdk\6.0.405\Extensions\Microsoft.TestPlatform.Extensions.EventLogCollector.dll
TpTrace Verbose: 0 : 10652, 1, 2023/05/22, 09:52:46.022, 2971420880163, datacollector.dll, MetadataReaderExtensionsHelper: Discovering extensions inside assembly 'Microsoft.TestPlatform.Extensions.EventLogCollector, Version=15.0.0.0, Culture=neutral, PublicKeyToken=b03f5f7f11d50a3a' file path 'C:\Program Files\dotnet\sdk\6.0.405\Extensions\Microsoft.TestPlatform.Extensions.EventLogCollector.dll'
TpTrace Error: 0 : 10652, 1, 2023/05/22, 09:52:46.024, 2971420900708, datacollector.dll, The type "Microsoft.TestPlatform.Extensions.EventLogCollector.EventLogDataCollector" defined in "Microsoft.TestPlatform.Extensions.EventLogCollector.dll" does not have ExtensionUri attribute.
TpTrace Information: 0 : 10652, 1, 2023/05/22, 09:52:46.024, 2971420901757, datacollector.dll, GetTestExtensionFromType: Register extension with identifier data 'datacollector://microsoft/EventLog/2.0' and type 'Microsoft.TestPlatform.Extensions.EventLogCollector.EventLogDataCollector, Microsoft.TestPlatform.Extensions.EventLogCollector, Version=15.0.0.0, Culture=neutral, PublicKeyToken=b03f5f7f11d50a3a' inside file 'C:\Program Files\dotnet\sdk\6.0.405\Extensions\Microsoft.TestPlatform.Extensions.EventLogCollector.dll'
TpTrace Verbose: 0 : 10652, 1, 2023/05/22, 09:52:46.025, 2971420903595, datacollector.dll, TestPluginCache: Discovered the extensions using extension path 'C:\Program Files\dotnet\sdk\6.0.405\Extensions\Microsoft.TestPlatform.Extensions.BlameDataCollector.dll,C:\Program Files\dotnet\sdk\6.0.405\Extensions\Microsoft.TestPlatform.Extensions.EventLogCollector.dll'.
TpTrace Verbose: 0 : 10652, 1, 2023/05/22, 09:52:46.025, 2971420904035, datacollector.dll, TestPluginCache: Discoverers are ''.
TpTrace Verbose: 0 : 10652, 1, 2023/05/22, 09:52:46.025, 2971420904286, datacollector.dll, TestPluginCache: Executors are ''.
TpTrace Verbose: 0 : 10652, 1, 2023/05/22, 09:52:46.025, 2971420904499, datacollector.dll, TestPluginCache: Executors2 are ''.
TpTrace Verbose: 0 : 10652, 1, 2023/05/22, 09:52:46.025, 2971420904736, datacollector.dll, TestPluginCache: Setting providers are ''.
TpTrace Verbose: 0 : 10652, 1, 2023/05/22, 09:52:46.025, 2971420905045, datacollector.dll, TestPluginCache: Loggers are ''.
TpTrace Verbose: 0 : 10652, 1, 2023/05/22, 09:52:46.025, 2971420905270, datacollector.dll, TestPluginCache: TestHosts are ''.
TpTrace Verbose: 0 : 10652, 1, 2023/05/22, 09:52:46.025, 2971420906978, datacollector.dll, TestPluginCache: DataCollectors are 'datacollector://microsoft/TestPlatform/Extensions/Blame/v1,datacollector://microsoft/EventLog/2.0'.
TpTrace Information: 0 : 10652, 1, 2023/05/22, 09:52:46.026, 2971420915140, datacollector.dll, TestPluginManager.CreateTestExtension: Attempting to load test extension: Microsoft.TestPlatform.Extensions.BlameDataCollector.BlameCollector
TpTrace Verbose: 0 : 10652, 1, 2023/05/22, 09:52:46.029, 2971420949945, datacollector.dll, MulticastDelegateUtilities.SafeInvoke: DataCollectionEvents.SessionStart: Invoking callbacks was skipped because there are no subscribers.
TpTrace Information: 0 : 10652, 1, 2023/05/22, 09:52:46.030, 2971420958368, datacollector.dll, Listening on Endpoint : 127.0.0.1:54877
TpTrace Information: 0 : 10652, 1, 2023/05/22, 09:52:46.036, 2971421020681, datacollector.dll, DataCollectionRequestHandler.ProcessRequests : DataCollection started.
TpTrace Information: 0 : 10652, 1, 2023/05/22, 09:52:46.077, 2971421423048, datacollector.dll, DataCollectionRequestHandler.ProcessRequests: Datacollector received message: (DataCollection.TestHostLaunched) -> {"MessageType":"DataCollection.TestHostLaunched","Payload":{"ProcessId":11092}}
TpTrace Verbose: 0 : 10652, 1, 2023/05/22, 09:52:46.078, 2971421434785, datacollector.dll, MulticastDelegateUtilities.SafeInvoke: DataCollectionEvents.TestHostLaunched: Invoking callback 1/1 for Microsoft.TestPlatform.Extensions.BlameDataCollector.BlameCollector.TestHostLaunchedHandler, took 0 ms.
TpTrace Information: 0 : 10652, 5, 2023/05/22, 09:52:46.238, 2971423036798, datacollector.dll, Using the buffer size of 16384 bytes
TpTrace Verbose: 0 : 10652, 8, 2023/05/22, 09:52:46.238, 2971423037022, datacollector.dll, SocketCommunicationManager.WaitForClientConnection took: 204 ms, with 90000 ms timeout, and finished with True.
TpTrace Information: 0 : 10652, 5, 2023/05/22, 09:52:46.238, 2971423037588, datacollector.dll, Accepted Client request and set the flag
TpTrace Information: 0 : 10652, 8, 2023/05/22, 09:52:47.135, 2971432008074, datacollector.dll, DataCollectionTestCaseEventHandler: Test case starting.
TpTrace Information: 0 : 10652, 8, 2023/05/22, 09:52:47.142, 2971432082221, datacollector.dll, BlameCollector.EventsTestCaseStart: Test Case Start
TpTrace Verbose: 0 : 10652, 8, 2023/05/22, 09:52:47.143, 2971432083954, datacollector.dll, MulticastDelegateUtilities.SafeInvoke: DataCollectionEvents.TestCaseStart: Invoking callback 1/1 for Microsoft.TestPlatform.Extensions.BlameDataCollector.BlameCollector.EventsTestCaseStart, took 0 ms.
TpTrace Information: 0 : 10652, 8, 2023/05/22, 09:52:47.143, 2971432085624, datacollector.dll, DataCollectionTestCaseEventHandler: Test case 'UnitTesting.Test.ValidarGets.ValidarCapacidadArchivoPLano - 80e44c76-9d51-1716-a396-936b9ef7b382' started.
TpTrace Information: 0 : 10652, 8, 2023/05/22, 09:52:47.159, 2971432252331, datacollector.dll, DataCollectionTestCaseEventHandler: Test case completing.
TpTrace Information: 0 : 10652, 8, 2023/05/22, 09:52:47.162, 2971432280559, datacollector.dll, BlameCollector.EventsTestCaseEnd: Test Case End
TpTrace Verbose: 0 : 10652, 8, 2023/05/22, 09:52:47.162, 2971432282443, datacollector.dll, MulticastDelegateUtilities.SafeInvoke: DataCollectionEvents.TestCaseEnd: Invoking callback 1/1 for Microsoft.TestPlatform.Extensions.BlameDataCollector.BlameCollector.EventsTestCaseEnd, took 0 ms.
TpTrace Information: 0 : 10652, 8, 2023/05/22, 09:52:47.164, 2971432301409, datacollector.dll, DataCollectionTestCaseEventHandler: Test case 'UnitTesting.Test.ValidarGets.ValidarCapacidadArchivoPLano - 80e44c76-9d51-1716-a396-936b9ef7b382' completed
TpTrace Information: 0 : 10652, 8, 2023/05/22, 09:52:47.171, 2971432365394, datacollector.dll, DataCollectionTestCaseEventHandler: Test case starting.
TpTrace Information: 0 : 10652, 8, 2023/05/22, 09:52:47.171, 2971432368920, datacollector.dll, BlameCollector.EventsTestCaseStart: Test Case Start
TpTrace Verbose: 0 : 10652, 8, 2023/05/22, 09:52:47.171, 2971432369559, datacollector.dll, MulticastDelegateUtilities.SafeInvoke: DataCollectionEvents.TestCaseStart: Invoking callback 1/1 for Microsoft.TestPlatform.Extensions.BlameDataCollector.BlameCollector.EventsTestCaseStart, took 0 ms.
TpTrace Information: 0 : 10652, 8, 2023/05/22, 09:52:47.171, 2971432370448, datacollector.dll, DataCollectionTestCaseEventHandler: Test case 'UnitTesting.Test.ValidarGets.ValidarNombreArchivoPlano - b4f40073-58e8-ce22-4f23-ce83c1a07766' started.
TpTrace Information: 0 : 10652, 8, 2023/05/22, 09:52:47.172, 2971432380961, datacollector.dll, DataCollectionTestCaseEventHandler: Test case completing.
TpTrace Information: 0 : 10652, 8, 2023/05/22, 09:52:47.173, 2971432384373, datacollector.dll, BlameCollector.EventsTestCaseEnd: Test Case End
TpTrace Verbose: 0 : 10652, 8, 2023/05/22, 09:52:47.173, 2971432384990, datacollector.dll, MulticastDelegateUtilities.SafeInvoke: DataCollectionEvents.TestCaseEnd: Invoking callback 1/1 for Microsoft.TestPlatform.Extensions.BlameDataCollector.BlameCollector.EventsTestCaseEnd, took 0 ms.
TpTrace Information: 0 : 10652, 8, 2023/05/22, 09:52:47.173, 2971432386159, datacollector.dll, DataCollectionTestCaseEventHandler: Test case 'UnitTesting.Test.ValidarGets.ValidarNombreArchivoPlano - b4f40073-58e8-ce22-4f23-ce83c1a07766' completed
TpTrace Information: 0 : 10652, 8, 2023/05/22, 09:52:47.178, 2971432442199, datacollector.dll, DataCollectionTestCaseEventHandler: Test session ended
TpTrace Information: 0 : 10652, 1, 2023/05/22, 09:52:47.243, 2971433087069, datacollector.dll, DataCollectionRequestHandler.ProcessRequests: Datacollector received message: (DataCollection.AfterTestRunEnd) -> {"MessageType":"DataCollection.AfterTestRunEnd","Payload":false}
TpTrace Information: 0 : 10652, 1, 2023/05/22, 09:52:47.244, 2971433094378, datacollector.dll, Blame Collector: Session End
TpTrace Information: 0 : 10652, 1, 2023/05/22, 09:52:47.244, 2971433094807, datacollector.dll, BlameCollector.CollectDumpAndAbortTesthost: Custom path to dump directory was provided via VSTEST_DUMP_PATH. Skipping attachment upload, the caller is responsible for collecting and uploading the dumps themselves.
TpTrace Verbose: 0 : 10652, 1, 2023/05/22, 09:52:47.244, 2971433095561, datacollector.dll, MulticastDelegateUtilities.SafeInvoke: DataCollectionEvents.SessionEnd: Invoking callback 1/1 for Microsoft.TestPlatform.Extensions.BlameDataCollector.BlameCollector.SessionEndedHandler, took 0 ms.
TpTrace Information: 0 : 10652, 1, 2023/05/22, 09:52:47.244, 2971433100490, datacollector.dll, DataCollectionManager.CleanupPlugins: CleanupPlugins called
TpTrace Verbose: 0 : 10652, 1, 2023/05/22, 09:52:47.244, 2971433100908, datacollector.dll, DataCollectionManager.CleanupPlugins: Cleaning up 1 plugins
TpTrace Verbose: 0 : 10652, 1, 2023/05/22, 09:52:47.244, 2971433101595, datacollector.dll, dataCollectorInfo.DisposeDataCollector: calling Dispose() on Microsoft.TestPlatform.Extensions.BlameDataCollector.BlameCollector
TpTrace Information: 0 : 10652, 1, 2023/05/22, 09:52:47.244, 2971433102127, datacollector.dll, DataCollectionManager.CleanupPlugins: CleanupPlugins finished
TpTrace Information: 0 : 10652, 1, 2023/05/22, 09:52:47.248, 2971433141327, datacollector.dll, DataCollectionRequestHandler.ProcessRequests : Session End message received from server. Closing the connection.
TpTrace Information: 0 : 10652, 1, 2023/05/22, 09:52:47.248, 2971433142543, datacollector.dll, Closing the connection !
TpTrace Information: 0 : 10652, 1, 2023/05/22, 09:52:47.249, 2971433142889, datacollector.dll, DataCollectionRequestHandler.ProcessRequests : DataCollection completed
TpTrace Information: 0 : 10652, 1, 2023/05/22, 09:52:47.249, 2971433143159, datacollector.dll, Program.Main: exiting datacollector process.
